<?xml version="1.0" encoding="UTF-8"?>
<!-- Generated by org.testng.reporters.JUnitXMLReporter -->
<testsuite ignored="0" hostname="PUNITP542434L" failures="1" tests="28" name="TestLumaProject" time="810.344" errors="0" timestamp="2024-04-27T15:20:40 IST">
  <testcase classname="com.LumaTestCases.createAccoutPageTest" name="Validate_Negative_CreateAccount" time="3.762"/>
  <testcase classname="com.LumaTestCases.createAccoutPageTest" name="validate_CreateAccount" time="9.229"/>
  <testcase classname="com.LumaTestCases.gearPageTest" name="validate_identifyHotSellers" time="7.54"/>
  <testcase classname="com.LumaTestCases.womenPageTest" name="validate_addToWishList" time="24.326"/>
  <testcase classname="com.LumaTestCases.womenPageTest" name="validate_selectColorOfJacket" time="12.058"/>
  <testcase classname="com.LumaTestCases.womenPageTest" name="validate_selectQuantityOfJacket" time="12.093"/>
  <testcase classname="com.LumaTestCases.womenPageTest" name="validate_selectSizeOfJacket" time="26.76"/>
  <testcase classname="com.LumaTestCases.womenPageTest" name="validate_select_WomenJacket_Option" time="7.58"/>
  <testcase classname="com.LumaTestCases.menPageTest" name="validate_clearAllFilter" time="9.817"/>
  <testcase classname="com.LumaTestCases.menPageTest" name="validate_selectFilter_Material" time="7.283"/>
  <testcase classname="com.LumaTestCases.menPageTest" name="validate_selectFilter_Style" time="7.589"/>
  <testcase classname="com.LumaTestCases.menPageTest" name="validate_selectListView_MenTops" time="8.101"/>
  <testcase classname="com.LumaTestCases.cartPageTest" name="validate_addToCart" time="14.052"/>
  <testcase classname="com.LumaTestCases.cartPageTest" name="validate_delete_Item_From_Cart" time="15.681"/>
  <testcase classname="com.LumaTestCases.cartPageTest" name="validate_get_Total_CartAmount" time="10.076"/>
  <testcase classname="com.LumaTestCases.cartPageTest" name="validate_get_Total_NumberOf_Items_InCart" time="13.983"/>
  <testcase classname="com.LumaTestCases.cartPageTest" name="validate_negative_AddToCart" time="11.918"/>
  <testcase classname="com.LumaTestCases.cartPageTest" name="validate_placeOrder" time="49.175"/>
  <testcase classname="com.LumaTestCases.whatIsNewPageTest" name="validate_NumberOf_new_ItemsAdded" time="7.792"/>
  <testcase classname="com.LumaTestCases.whatIsNewPageTest" name="validate_details" time="11.131"/>
  <testcase classname="com.LumaTestCases.whatIsNewPageTest" name="validate_sortResults_ByPrice" time="15.306"/>
  <testcase classname="com.LumaTestCases.salePageTest" name="validate_numberOfSalesAvailable" time="2.971"/>
  <testcase classname="com.LumaTestCases.salePageTest" name="validate_titleOfSalesAvailable" time="3.091"/>
  <testcase classname="com.LumaTestCases.signInPageTest" name="validate_PasswordReset" time="13.354"/>
  <testcase classname="com.LumaTestCases.signInPageTest" name="validate_SignIn" time="10.307"/>
  <testcase classname="com.LumaTestCases.trainingPageTest" name="validate_identify_ListOf_Training_Videos" time="6.423"/>
  <testcase classname="com.LumaTestCases.footerLinkPageTest" name="validate_FooterLink_Notes" time="4.101">
    <failure type="java.lang.AssertionError" message="expected:&amp;lt;Magento Store Notes - Software Testing Board&amp;gt; but was:&amp;lt;Magento 2 Store(Sandbox site) - Notes - Software Testing Board&amp;gt;">
      <![CDATA[java.lang.AssertionError: expected:<Magento Store Notes - Software Testing Board> but was:<Magento 2 Store(Sandbox site) - Notes - Software Testing Board>
at com.LumaTestCases.footerLinkPageTest.validate_FooterLink_Notes(footerLinkPageTest.java:32)
at java.base/java.util.ArrayList.forEach(ArrayList.java:1511)
... Removed 29 stack frames]]>
    </failure>
  </testcase> <!-- validate_FooterLink_Notes -->
  <testcase classname="com.LumaTestCases.footerLinkPageTest" name="validate_totalNumber_Of_FooterLinks" time="0.024"/>
</testsuite> <!-- TestLumaProject -->
